\BOOKMARK [1][-]{section.1}{\376\377\137\025\212\000}{}% 1
\BOOKMARK [1][-]{section.2}{\376\377\176\247\145\160\220\074\217\321\154\325}{}% 2
\BOOKMARK [2][-]{subsection.2.1}{\376\377\173\227\154\325\123\237\164\006}{section.2}% 3
\BOOKMARK [2][-]{subsection.2.2}{\376\377\213\357\135\356\122\006\147\220}{section.2}% 4
\BOOKMARK [3][-]{subsubsection.2.2.1}{\376\377\145\271\154\325\213\357\135\356}{subsection.2.2}% 5
\BOOKMARK [3][-]{subsubsection.2.2.2}{\376\377\202\015\121\145\213\357\135\356}{subsection.2.2}% 6
\BOOKMARK [3][-]{subsubsection.2.2.3}{\376\377\140\073\213\357\135\356}{subsection.2.2}% 7
\BOOKMARK [2][-]{subsection.2.3}{\376\377\213\241\173\227\116\343\116\367\116\016\145\066\145\133\220\037\136\246}{section.2}% 8
\BOOKMARK [1][-]{section.3}{\376\377\136\070\137\256\122\006\145\271\172\013\154\325}{}% 9
\BOOKMARK [2][-]{subsection.3.1}{\376\377\173\227\154\325\123\237\164\006}{section.3}% 10
\BOOKMARK [2][-]{subsection.3.2}{\376\377\213\357\135\356\122\006\147\220}{section.3}% 11
\BOOKMARK [3][-]{subsubsection.3.2.1}{\376\377\145\271\154\325\213\357\135\356}{subsection.3.2}% 12
\BOOKMARK [3][-]{subsubsection.3.2.2}{\376\377\202\015\121\145\213\357\135\356}{subsection.3.2}% 13
\BOOKMARK [3][-]{subsubsection.3.2.3}{\376\377\140\073\213\357\135\356}{subsection.3.2}% 14
\BOOKMARK [2][-]{subsection.3.3}{\376\377\213\241\173\227\116\343\116\367\116\016\145\066\145\133\220\037\136\246}{section.3}% 15
\BOOKMARK [1][-]{section.4}{\376\377\137\256\134\017\130\236\221\317\154\325}{}% 16
\BOOKMARK [2][-]{subsection.4.1}{\376\377\173\227\154\325\123\237\164\006}{section.4}% 17
\BOOKMARK [2][-]{subsection.4.2}{\376\377\213\357\135\356\122\006\147\220}{section.4}% 18
\BOOKMARK [3][-]{subsubsection.4.2.1}{\376\377\145\271\154\325\213\357\135\356}{subsection.4.2}% 19
\BOOKMARK [3][-]{subsubsection.4.2.2}{\376\377\202\015\121\145\213\357\135\356}{subsection.4.2}% 20
\BOOKMARK [3][-]{subsubsection.4.2.3}{\376\377\140\073\213\357\135\356}{subsection.4.2}% 21
\BOOKMARK [2][-]{subsection.4.3}{\376\377\213\241\173\227\116\343\116\367\116\016\145\066\145\133\220\037\136\246}{section.4}% 22
\BOOKMARK [1][-]{section.5}{\376\377\173\227\154\325\155\101\172\013\116\016\133\236\163\260}{}% 23
\BOOKMARK [1][-]{section.6}{\376\377\176\323\147\234\116\016\140\073\176\323}{}% 24
\BOOKMARK [2][-]{subsection.6.1}{\376\377\116\016\000C\000+\000+\150\007\121\306\000M\000a\000t\000h\136\223\176\323\147\234\133\371\153\324}{section.6}% 25
\BOOKMARK [2][-]{subsection.6.2}{\376\377\140\073\176\323\124\214\117\123\117\032}{section.6}% 26
